<?xml version="1.0" encoding="UTF-8"?>
<TestRun id="63da0e1d-2f98-46ca-aaa9-f2b63ef6b08f" name="Ben@DELLE521 2013-12-17 20:00:10" runUser="DELLE521\Ben" xmlns="http://microsoft.com/schemas/VisualStudio/TeamTest/2010">
  <TestSettings name="Default Test Settings" id="1257ffd1-0bc3-41f4-b410-a6a05bec1e71">
    <Deployment runDeploymentRoot="Ben_DELLE521 2013-12-17 20_00_10">
      <DeploymentItem filename="D:\Media\My Documents\GitHub\mvc4\mvc4\bin\mvc4.dll" />
      <DeploymentItem filename="D:\Media\My Documents\GitHub\mvc4\packages\Microsoft.AspNet.Mvc.4.0.20710.0\lib\net40\System.Web.Mvc.dll" />
      <DeploymentItem filename="D:\Media\My Documents\GitHub\mvc4\packages\Microsoft.AspNet.WebPages.2.0.20710.0\lib\net40\System.Web.WebPages.dll" />
      <DeploymentItem filename="D:\Media\My Documents\GitHub\mvc4\packages\Microsoft.Net.Http.2.0.20710.0\lib\net40\System.Net.Http.WebRequest.dll" />
      <DeploymentItem filename="D:\Media\My Documents\GitHub\mvc4\packages\Microsoft.Net.Http.2.0.20710.0\lib\net40\System.Net.Http.dll" />
      <DeploymentItem filename="D:\Media\My Documents\GitHub\mvc4\packages\Newtonsoft.Json.4.5.6\lib\net40\Newtonsoft.Json.dll" />
      <DeploymentItem filename="D:\Media\My Documents\GitHub\mvc4\packages\Microsoft.AspNet.WebApi.WebHost.4.0.20710.0\lib\net40\System.Web.Http.WebHost.dll" />
      <DeploymentItem filename="D:\Media\My Documents\GitHub\mvc4\packages\Microsoft.AspNet.WebApi.Core.4.0.20710.0\lib\net40\System.Web.Http.dll" />
      <DeploymentItem filename="D:\Media\My Documents\GitHub\mvc4\packages\Microsoft.AspNet.WebPages.2.0.20710.0\lib\net40\System.Web.WebPages.Deployment.dll" />
      <DeploymentItem filename="D:\Media\My Documents\GitHub\mvc4\packages\Microsoft.Web.Infrastructure.1.0.0.0\lib\net40\Microsoft.Web.Infrastructure.dll" />
      <DeploymentItem filename="D:\Media\My Documents\GitHub\mvc4\packages\Microsoft.AspNet.WebPages.2.0.20710.0\lib\net40\System.Web.Helpers.dll" />
      <DeploymentItem filename="D:\Media\My Documents\GitHub\mvc4\packages\Microsoft.AspNet.Razor.2.0.20710.0\lib\net40\System.Web.Razor.dll" />
      <DeploymentItem filename="D:\Media\My Documents\GitHub\mvc4\packages\Microsoft.AspNet.WebPages.2.0.20710.0\lib\net40\System.Web.WebPages.Razor.dll" />
      <DeploymentItem filename="D:\Media\My Documents\GitHub\mvc4\packages\Microsoft.AspNet.WebApi.Client.4.0.20710.0\lib\net40\System.Net.Http.Formatting.dll" />
    </Deployment>
    <Execution>
      <TestTypeSpecific />
      <AgentRule name="Execution Agents">
      </AgentRule>
    </Execution>
  </TestSettings>
  <Times creation="2013-12-17T20:00:10.3288750-05:00" queuing="2013-12-17T20:00:17.8288750-05:00" start="2013-12-17T20:00:18.1570000-05:00" finish="2013-12-17T20:00:20.2195000-05:00" />
  <ResultSummary outcome="Warning">
    <Counters total="3" executed="3" passed="3" error="0" failed="0" timeout="0" aborted="0" inconclusive="0" passedButRunAborted="0" notRunnable="0" notExecuted="0" disconnected="0" warning="0" completed="0" inProgress="0" pending="0" />
    <RunInfos>
      <RunInfo computerName="DELLE521" outcome="Warning" timestamp="2013-12-17T20:00:17.7976250-05:00">
        <Text>Warning: Test Run deployment issue: The assembly or module 'log4net' directly or indirectly referenced by the test container 'd:\media\my documents\github\mvc4\mvc4.tests\bin\debug\mvc4.tests.dll' was not found.</Text>
      </RunInfo>
      <RunInfo computerName="DELLE521" outcome="Warning" timestamp="2013-12-17T20:00:17.7976250-05:00">
        <Text>Warning: Test Run deployment issue: The assembly or module 'Org.Mentalis.Security.Cryptography' directly or indirectly referenced by the test container 'd:\media\my documents\github\mvc4\mvc4.tests\bin\debug\mvc4.tests.dll' was not found.</Text>
      </RunInfo>
    </RunInfos>
  </ResultSummary>
  <TestDefinitions>
    <UnitTest name="Index" storage="d:\media\my documents\github\mvc4\mvc4.tests\bin\debug\mvc4.tests.dll" id="b1907f2a-89b0-78de-d877-4b1b676757fa">
      <Execution id="97c5c47c-2acd-42b6-a2b6-8390b143b3d9" />
      <TestMethod codeBase="D:/Media/My Documents/GitHub/mvc4/mvc4.Tests/bin/Debug/mvc4.Tests.DLL" adapterTypeName="Microsoft.VisualStudio.TestTools.TestTypes.Unit.UnitTestAdapter, Microsoft.VisualStudio.QualityTools.Tips.UnitTest.Adapter, Version=10.0.0.0, Culture=neutral, PublicKeyToken=b03f5f7f11d50a3a" className="mvc4.Tests.Controllers.HomeControllerTest, mvc4.Tests, Version=1.0.0.0, Culture=neutral, PublicKeyToken=null" name="Index" />
    </UnitTest>
    <UnitTest name="Contact" storage="d:\media\my documents\github\mvc4\mvc4.tests\bin\debug\mvc4.tests.dll" id="d636e9c6-102b-75d8-aa50-546340594001">
      <Execution id="24476d83-f28c-4116-a6d9-6b3c4cb8a7e3" />
      <TestMethod codeBase="D:/Media/My Documents/GitHub/mvc4/mvc4.Tests/bin/Debug/mvc4.Tests.DLL" adapterTypeName="Microsoft.VisualStudio.TestTools.TestTypes.Unit.UnitTestAdapter, Microsoft.VisualStudio.QualityTools.Tips.UnitTest.Adapter, Version=10.0.0.0, Culture=neutral, PublicKeyToken=b03f5f7f11d50a3a" className="mvc4.Tests.Controllers.HomeControllerTest, mvc4.Tests, Version=1.0.0.0, Culture=neutral, PublicKeyToken=null" name="Contact" />
    </UnitTest>
    <UnitTest name="About" storage="d:\media\my documents\github\mvc4\mvc4.tests\bin\debug\mvc4.tests.dll" id="94fdbd95-811f-fcc4-8b7c-a9302c6996ce">
      <Execution id="496bc4f7-5a2e-4c88-803e-b0b4bfeb7cb6" />
      <TestMethod codeBase="D:/Media/My Documents/GitHub/mvc4/mvc4.Tests/bin/Debug/mvc4.Tests.DLL" adapterTypeName="Microsoft.VisualStudio.TestTools.TestTypes.Unit.UnitTestAdapter, Microsoft.VisualStudio.QualityTools.Tips.UnitTest.Adapter, Version=10.0.0.0, Culture=neutral, PublicKeyToken=b03f5f7f11d50a3a" className="mvc4.Tests.Controllers.HomeControllerTest, mvc4.Tests, Version=1.0.0.0, Culture=neutral, PublicKeyToken=null" name="About" />
    </UnitTest>
  </TestDefinitions>
  <TestLists>
    <TestList name="Results Not in a List" id="8c84fa94-04c1-424b-9868-57a2d4851a1d" />
    <TestList name="All Loaded Results" id="19431567-8539-422a-85d7-44ee4e166bda" />
  </TestLists>
  <TestEntries>
    <TestEntry testId="b1907f2a-89b0-78de-d877-4b1b676757fa" executionId="97c5c47c-2acd-42b6-a2b6-8390b143b3d9" testListId="8c84fa94-04c1-424b-9868-57a2d4851a1d" />
    <TestEntry testId="94fdbd95-811f-fcc4-8b7c-a9302c6996ce" executionId="496bc4f7-5a2e-4c88-803e-b0b4bfeb7cb6" testListId="8c84fa94-04c1-424b-9868-57a2d4851a1d" />
    <TestEntry testId="d636e9c6-102b-75d8-aa50-546340594001" executionId="24476d83-f28c-4116-a6d9-6b3c4cb8a7e3" testListId="8c84fa94-04c1-424b-9868-57a2d4851a1d" />
  </TestEntries>
  <Results>
    <UnitTestResult executionId="97c5c47c-2acd-42b6-a2b6-8390b143b3d9" testId="b1907f2a-89b0-78de-d877-4b1b676757fa" testName="Index" computerName="DELLE521" duration="00:00:00.5790206" startTime="2013-12-17T20:00:18.3445000-05:00" endTime="2013-12-17T20:00:19.9226250-05:00" testType="13cdc9d9-ddb5-4fa4-a97d-d965ccfc6d4b" outcome="Passed" testListId="8c84fa94-04c1-424b-9868-57a2d4851a1d" relativeResultsDirectory="97c5c47c-2acd-42b6-a2b6-8390b143b3d9">
    </UnitTestResult>
    <UnitTestResult executionId="496bc4f7-5a2e-4c88-803e-b0b4bfeb7cb6" testId="94fdbd95-811f-fcc4-8b7c-a9302c6996ce" testName="About" computerName="DELLE521" duration="00:00:00.0349501" startTime="2013-12-17T20:00:19.9382500-05:00" endTime="2013-12-17T20:00:19.9851250-05:00" testType="13cdc9d9-ddb5-4fa4-a97d-d965ccfc6d4b" outcome="Passed" testListId="8c84fa94-04c1-424b-9868-57a2d4851a1d" relativeResultsDirectory="496bc4f7-5a2e-4c88-803e-b0b4bfeb7cb6">
    </UnitTestResult>
    <UnitTestResult executionId="24476d83-f28c-4116-a6d9-6b3c4cb8a7e3" testId="d636e9c6-102b-75d8-aa50-546340594001" testName="Contact" computerName="DELLE521" duration="00:00:00.0333167" startTime="2013-12-17T20:00:19.9851250-05:00" endTime="2013-12-17T20:00:20.1257500-05:00" testType="13cdc9d9-ddb5-4fa4-a97d-d965ccfc6d4b" outcome="Passed" testListId="8c84fa94-04c1-424b-9868-57a2d4851a1d" relativeResultsDirectory="24476d83-f28c-4116-a6d9-6b3c4cb8a7e3">
    </UnitTestResult>
  </Results>
</TestRun>